<?xml version="1.0" encoding="UTF-8"?>
<testsuite name="com.vladceresna.netufos.NetufosApplicationTests" tests="1" skipped="0" failures="0" errors="0" timestamp="2023-08-09T17:30:51" hostname="DESKTOP-8IB144U" time="3.829">
  <properties/>
  <testcase name="contextLoads()" classname="com.vladceresna.netufos.NetufosApplicationTests" time="3.829"/>
  <system-out><![CDATA[20:30:40.386 [Test worker] INFO org.springframework.test.context.support.AnnotationConfigContextLoaderUtils -- Could not detect default configuration classes for test class [com.vladceresna.netufos.NetufosApplicationTests]: NetufosApplicationTests does not declare any static, non-private, non-final, nested classes annotated with @Configuration.
20:30:40.813 [Test worker] INFO org.springframework.boot.test.context.SpringBootTestContextBootstrapper -- Found @SpringBootConfiguration com.vladceresna.netufos.NetufosApplication for test class com.vladceresna.netufos.NetufosApplicationTests

  .   ____          _            __ _ _
 /\\ / ___'_ __ _ _(_)_ __  __ _ \ \ \ \
( ( )\___ | '_ | '_| | '_ \/ _` | \ \ \ \
 \\/  ___)| |_)| | | | | || (_| |  ) ) ) )
  '  |____| .__|_| |_|_| |_\__, | / / / /
 =========|_|==============|___/=/_/_/_/
 :: Spring Boot ::                (v3.1.0)

2023-08-09T20:30:43.068+03:00  WARN 2056 --- [    Test worker] ory$DuplicateJsonObjectContextCustomizer : 

Found multiple occurrences of org.json.JSONObject on the class path:

	jar:file:/C:/Users/Hp%20255%20G7/.gradle/caches/modules-2/files-2.1/org.json/json/20211205/47032dcf2f69880f07dab3dc60b4b0ad97318308/json-20211205.jar!/org/json/JSONObject.class
	jar:file:/C:/Users/Hp%20255%20G7/.gradle/caches/modules-2/files-2.1/com.vaadin.external.google/android-json/0.0.20131108.vaadin1/fa26d351fe62a6a17f5cda1287c1c6110dec413f/android-json-0.0.20131108.vaadin1.jar!/org/json/JSONObject.class

You may wish to exclude one of them to ensure predictable runtime behavior

2023-08-09T20:30:43.162+03:00  INFO 2056 --- [    Test worker] c.v.netufos.NetufosApplicationTests      : Starting NetufosApplicationTests using Java 17.0.7 with PID 2056 (started by Hp 255 G7 in D:\Vova\Developed\Java\SpringBoot\Netufos)
2023-08-09T20:30:43.168+03:00  INFO 2056 --- [    Test worker] c.v.netufos.NetufosApplicationTests      : No active profile set, falling back to 1 default profile: "default"
2023-08-09T20:30:50.166+03:00  INFO 2056 --- [    Test worker] o.s.s.web.DefaultSecurityFilterChain     : Will secure any request with [org.springframework.security.web.session.DisableEncodeUrlFilter@1084ac45, org.springframework.security.web.context.request.async.WebAsyncManagerIntegrationFilter@566f1852, org.springframework.security.web.context.SecurityContextHolderFilter@1c93b51e, org.springframework.security.web.header.HeaderWriterFilter@2668c286, org.springframework.security.web.authentication.logout.LogoutFilter@a6e4897, org.springframework.security.web.authentication.UsernamePasswordAuthenticationFilter@553da911, org.springframework.security.web.savedrequest.RequestCacheAwareFilter@2abc8034, org.springframework.security.web.servletapi.SecurityContextHolderAwareRequestFilter@c7f4457, org.springframework.security.web.authentication.rememberme.RememberMeAuthenticationFilter@19bedeb8, org.springframework.security.web.access.ExceptionTranslationFilter@d88f893, org.springframework.security.web.access.intercept.AuthorizationFilter@6975fb1c]
2023-08-09T20:30:51.585+03:00  INFO 2056 --- [    Test worker] c.v.netufos.NetufosApplicationTests      : Started NetufosApplicationTests in 9.94 seconds (process running for 16.64)
]]></system-out>
  <system-err><![CDATA[]]></system-err>
</testsuite>
